"C:\Program Files\JetBrains\CLion 2019.1.4\bin\cmake\win\bin\cmake.exe" -DCMAKE_BUILD_TYPE=Debug -G "CodeBlocks - MinGW Makefiles" "E:\яУНИВЕР\2 курс 1 семестр\основы програмирования\лабы\си\lab_11"
-- The C compiler identification is GNU 8.1.0
-- Check for working C compiler: C:/Program Files (x86)/mingw-w64/i686-8.1.0-posix-dwarf-rt_v6-rev0/mingw32/bin/gcc.exe
-- Check for working C compiler: C:/Program Files (x86)/mingw-w64/i686-8.1.0-posix-dwarf-rt_v6-rev0/mingw32/bin/gcc.exe -- broken
CMake Error at C:/Program Files/JetBrains/CLion 2019.1.4/bin/cmake/win/share/cmake-3.14/Modules/CMakeTestCCompiler.cmake:60 (message):
  The C compiler

    "C:/Program Files (x86)/mingw-w64/i686-8.1.0-posix-dwarf-rt_v6-rev0/mingw32/bin/gcc.exe"

  is not able to compile a simple test program.

  It fails with the following output:

    Change Dir: E:/СЏРЈРќР�Р’Р•Р /2 РєСѓСЂСЃ 1 СЃРµРјРµСЃС‚СЂ/РѕСЃРЅРѕРІС‹ РїСЂРѕРіСЂР°РјРёСЂРѕРІР°РЅРёСЏ/Р»Р°Р±С‹/СЃРё/lab_11/cmake-build-debug/CMakeFiles/CMakeTmp
    
    Run Build Command(s):C:/PROGRA~2/MINGW-~1/I686-8~1.0-P/mingw32/bin/mingw32-make.exe cmTC_6a5f1/fast 
    C:/PROGRA~2/MINGW-~1/I686-8~1.0-P/mingw32/bin/mingw32-make.exe -f CMakeFiles\cmTC_6a5f1.dir\build.make CMakeFiles/cmTC_6a5f1.dir/build
    mingw32-make.exe[1]: Entering directory 'E:/В в•™в•ђв•љв”¬в”јв•Ё/2 СЉС”РЃС‘ 1 С‘С…СЊС…С‘Р„РЃ/СЋС‘СЌСЋС‚в€љ СЏРЃСЋСѓРЃСЂСЊС€РЃСЋС‚СЂСЌС€В /С‹СЂСЃв€љ/С‘С€/lab_11/cmake-build-debug/CMakeFiles/CMakeTmp'
    Building C object CMakeFiles/cmTC_6a5f1.dir/testCCompiler.c.obj
    C:\PROGRA~2\MINGW-~1\I686-8~1.0-P\mingw32\bin\gcc.exe    -o CMakeFiles\cmTC_6a5f1.dir\testCCompiler.c.obj   -c "E:\в•¤Рџв•ЁРів•ЁР­в•ЁРЁв•ЁРўв•ЁРҐв•ЁР°\2 в•Ёв•‘в•¤Р“в•¤Рђв•¤Р‘ 1 в•¤Р‘в•Ёв•Ўв•Ёв•ќв•Ёв•Ўв•¤Р‘в•¤Р’в•¤Рђ\в•Ёв•›в•¤Р‘в•Ёв•њв•Ёв•›в•Ёв–“в•¤Р› в•Ёв”ђв•¤Рђв•Ёв•›в•Ёв”‚в•¤Рђв•Ёв–‘в•Ёв•ќв•Ёв••в•¤Рђв•Ёв•›в•Ёв–“в•Ёв–‘в•Ёв•њв•Ёв••в•¤Рџ\в•Ёв•—в•Ёв–‘в•Ёв–’в•¤Р›\в•¤Р‘в•Ёв••\lab_11\cmake-build-debug\CMakeFiles\CMakeTmp\testCCompiler.c"
    gcc.exe: error: E:\в•¤Рџв•ЁРів•ЁР­в•ЁРЁв•ЁРўв•ЁРҐв•ЁР°\2 в•Ёв•‘в•¤Р“в•¤Рђв•¤Р‘ 1 в•¤Р‘в•Ёв•Ўв•Ёв•ќв•Ёв•Ўв•¤Р‘в•¤Р’в•¤Рђ\в•Ёв•›в•¤Р‘в•Ёв•њв•Ёв•›в•Ёв–“в•¤Р› в•Ёв”ђв•¤Рђв•Ёв•›в•Ёв”‚в•¤Рђв•Ёв–‘в•Ёв•ќв•Ёв••в•¤Рђв•Ёв•›в•Ёв–“в•Ёв–‘в•Ёв•њв•Ёв••в•¤Рџ\в•Ёв•—в•Ёв–‘в•Ёв–’в•¤Р›\в•¤Р‘в•Ёв••\lab_11\cmake-build-debug\CMakeFiles\CMakeTmp\testCCompiler.c: No such file or directory
    gcc.exe: fatal error: no input files
    compilation terminated.
    mingw32-make.exe[1]: *** [CMakeFiles\cmTC_6a5f1.dir\build.make:65: CMakeFiles/cmTC_6a5f1.dir/testCCompiler.c.obj] Error 1
    mingw32-make.exe[1]: Leaving directory 'E:/В в•™в•ђв•љв”¬в”јв•Ё/2 СЉС”РЃС‘ 1 С‘С…СЊС…С‘Р„РЃ/СЋС‘СЌСЋС‚в€љ СЏРЃСЋСѓРЃСЂСЊС€РЃСЋС‚СЂСЌС€В /С‹СЂСЃв€љ/С‘С€/lab_11/cmake-build-debug/CMakeFiles/CMakeTmp'
    mingw32-make.exe: *** [Makefile:120: cmTC_6a5f1/fast] Error 2
    

  

  CMake will not be able to correctly generate this project.
Call Stack (most recent call first):
  CMakeLists.txt:2 (project)


-- Configuring incomplete, errors occurred!
See also "E:/СЏРЈРќР�Р’Р•Р /2 РєСѓСЂСЃ 1 СЃРµРјРµСЃС‚СЂ/РѕСЃРЅРѕРІС‹ РїСЂРѕРіСЂР°РјРёСЂРѕРІР°РЅРёСЏ/Р»Р°Р±С‹/СЃРё/lab_11/cmake-build-debug/CMakeFiles/CMakeOutput.log".
See also "E:/СЏРЈРќР�Р’Р•Р /2 РєСѓСЂСЃ 1 СЃРµРјРµСЃС‚СЂ/РѕСЃРЅРѕРІС‹ РїСЂРѕРіСЂР°РјРёСЂРѕРІР°РЅРёСЏ/Р»Р°Р±С‹/СЃРё/lab_11/cmake-build-debug/CMakeFiles/CMakeError.log".
